<?xml version="1.0" encoding="UTF-8"?>
<!-- Generated by org.testng.reporters.JUnitXMLReporter -->
<testsuite hostname="WTC-5159473-l2" ignored="0" name="WCRV" tests="9" failures="3" timestamp="14 Jun 2019 22:25:21 GMT" time="422.869" errors="0">
  <testcase name="WCRV_Help_Link" time="174.246" classname="WCRV_Application.WCRV_SmokeTest">
    <failure type="java.lang.AssertionError" message="US Help page not loading correctly.">
      <![CDATA[java.lang.AssertionError: US Help page not loading correctly.
at WCRV_Application.WCRV_SmokeTest.WCRV_Help_Link(WCRV_SmokeTest.java:116)
at java.util.concurrent.FutureTask.run(Unknown Source)
at java.util.concurrent.Executors$RunnableAdapter.call(Unknown Source)
at java.util.concurrent.FutureTask.run(Unknown Source)
at java.util.concurrent.ThreadPoolExecutor.runWorker(Unknown Source)
at java.util.concurrent.ThreadPoolExecutor$Worker.run(Unknown Source)
at java.lang.Thread.run(Unknown Source)
... Removed 10 stack frames]]>
    </failure>
  </testcase> <!-- WCRV_Help_Link -->
  <testcase name="WCRV_Generate_RateSheet" time="193.859" classname="WCRV_Application.WCRV_SmokeTest"/>
  <testcase name="WCRV_Generate_RateSheet" time="229.731" classname="WCRV_Application.WCRV_SmokeTest">
    <failure type="java.lang.AssertionError" message="Text not present.  By.cssSelector: h1 - Rate Sheet Request Confirmation">
      <![CDATA[java.lang.AssertionError: Text not present.  By.cssSelector: h1 - Rate Sheet Request Confirmation
at WCRV_Application.WCRV_SmokeTest.WCRV_Generate_RateSheet(WCRV_SmokeTest.java:91)
at java.util.concurrent.FutureTask.run(Unknown Source)
at java.util.concurrent.Executors$RunnableAdapter.call(Unknown Source)
at java.util.concurrent.FutureTask.run(Unknown Source)
at java.util.concurrent.ThreadPoolExecutor.runWorker(Unknown Source)
at java.util.concurrent.ThreadPoolExecutor$Worker.run(Unknown Source)
at java.lang.Thread.run(Unknown Source)
... Removed 10 stack frames]]>
    </failure>
  </testcase> <!-- WCRV_Generate_RateSheet -->
  <testcase name="WCRV_Generate_RateSheet_Passkey" time="267.43" classname="WCRV_Application.WCRV_SmokeTest"/>
  <testcase name="WCRV_Generate_RateSheet_Passkey" time="302.048" classname="WCRV_Application.WCRV_SmokeTest"/>
  <testcase name="WCRV_Generate_RateSheet" time="308.263" classname="WCRV_Application.WCRV_SmokeTest"/>
  <testcase name="WCRV_Generate_RateSheet_Passkey" time="391.254" classname="WCRV_Application.WCRV_SmokeTest"/>
  <testcase name="WCRV_Generate_RateSheet_Passkey" time="391.427" classname="WCRV_Application.WCRV_SmokeTest">
    <failure type="java.lang.AssertionError" message="Text not present.  By.xpath: //div[@id=&amp;apos;modalWindowSuccess&amp;apos;]/div/div/div/div/label[4] - IIGd">
      <![CDATA[java.lang.AssertionError: Text not present.  By.xpath: //div[@id='modalWindowSuccess']/div/div/div/div/label[4] - IIGd
at WCRV_Application.WCRV_SmokeTest.WCRV_Generate_RateSheet_Passkey(WCRV_SmokeTest.java:101)
at java.util.concurrent.FutureTask.run(Unknown Source)
at java.util.concurrent.Executors$RunnableAdapter.call(Unknown Source)
at java.util.concurrent.FutureTask.run(Unknown Source)
at java.util.concurrent.ThreadPoolExecutor.runWorker(Unknown Source)
at java.util.concurrent.ThreadPoolExecutor$Worker.run(Unknown Source)
at java.lang.Thread.run(Unknown Source)
... Removed 10 stack frames]]>
    </failure>
  </testcase> <!-- WCRV_Generate_RateSheet_Passkey -->
  <testcase name="WCRV_Generate_RateSheet" time="421.443" classname="WCRV_Application.WCRV_SmokeTest"/>
</testsuite> <!-- WCRV -->
