<?xml version="1.0" encoding="UTF-8"?>
<!-- Generated by org.testng.reporters.JUnitXMLReporter -->
<testsuite hostname="WTC-5159473-l2" ignored="0" name="WRTT" tests="6" failures="0" timestamp="14 Jun 2019 22:07:59 GMT" time="86.799" errors="0">
  <testcase name="WRTT_Rate_Sheet" time="53.837" classname="WRTT_Application.WRTT_SmokeTest"/>
  <testcase name="WRTT_eCRV_WRTTLink" time="54.794" classname="WRTT_Application.WRTT_SmokeTest"/>
  <testcase name="WRTT_SpalshPage_eCRV" time="62.912" classname="WRTT_Application.WRTT_SmokeTest"/>
  <testcase name="WRTT_Rate_Sheet" time="66.244" classname="WRTT_Application.WRTT_SmokeTest"/>
  <testcase name="WRTT_Rate_Sheet" time="83.378" classname="WRTT_Application.WRTT_SmokeTest"/>
  <testcase name="WRTT_Rate_Sheet" time="86.344" classname="WRTT_Application.WRTT_SmokeTest"/>
</testsuite> <!-- WRTT -->
