<?xml version="1.0" encoding="UTF-8"?>
<!-- Generated by org.testng.reporters.JUnitXMLReporter -->
<testsuite hostname="WTC-5159473-l2" ignored="0" name="WCRV_Test" tests="10" failures="2" timestamp="20 Jun 2019 14:54:10 GMT" time="302.999" errors="0">
  <testcase name="SetEvironmentLevel" time="0.11" classname="SupportClasses.Environment">
    <skipped/>
  </testcase> <!-- SetEvironmentLevel -->
  <testcase name="WCRV_Generate_RateSheet" time="107.057" classname="WCRV_Application.WCRV_SmokeTest">
    <failure type="java.lang.AssertionError" message="Element is not present on page.  By.id: account">
      <![CDATA[java.lang.AssertionError: Element is not present on page.  By.id: account
at WCRV_Application.WCRV_SmokeTest.WCRV_Generate_RateSheet(WCRV_SmokeTest.java:91)
at java.util.concurrent.FutureTask.run(Unknown Source)
at java.util.concurrent.Executors$RunnableAdapter.call(Unknown Source)
at java.util.concurrent.FutureTask.run(Unknown Source)
at java.util.concurrent.ThreadPoolExecutor.runWorker(Unknown Source)
at java.util.concurrent.ThreadPoolExecutor$Worker.run(Unknown Source)
at java.lang.Thread.run(Unknown Source)
... Removed 10 stack frames]]>
    </failure>
  </testcase> <!-- WCRV_Generate_RateSheet -->
  <testcase name="WCRV_Generate_RateSheet" time="134.072" classname="WCRV_Application.WCRV_SmokeTest"/>
  <testcase name="WCRV_Generate_RateSheet_Passkey" time="165.179" classname="WCRV_Application.WCRV_SmokeTest"/>
  <testcase name="WCRV_Generate_RateSheet" time="173.931" classname="WCRV_Application.WCRV_SmokeTest"/>
  <testcase name="WCRV_Help_Link" time="189.667" classname="WCRV_Application.WCRV_SmokeTest">
    <failure type="java.lang.AssertionError" message="US Help page not loading correctly.">
      <![CDATA[java.lang.AssertionError: US Help page not loading correctly.
at WCRV_Application.WCRV_SmokeTest.WCRV_Help_Link(WCRV_SmokeTest.java:116)
at java.util.concurrent.FutureTask.run(Unknown Source)
at java.util.concurrent.Executors$RunnableAdapter.call(Unknown Source)
at java.util.concurrent.FutureTask.run(Unknown Source)
at java.util.concurrent.ThreadPoolExecutor.runWorker(Unknown Source)
at java.util.concurrent.ThreadPoolExecutor$Worker.run(Unknown Source)
at java.lang.Thread.run(Unknown Source)
... Removed 10 stack frames]]>
    </failure>
  </testcase> <!-- WCRV_Help_Link -->
  <testcase name="WCRV_Generate_RateSheet_Passkey" time="236.502" classname="WCRV_Application.WCRV_SmokeTest"/>
  <testcase name="WCRV_Generate_RateSheet_Passkey" time="244.662" classname="WCRV_Application.WCRV_SmokeTest"/>
  <testcase name="WCRV_Generate_RateSheet" time="253.02" classname="WCRV_Application.WCRV_SmokeTest"/>
  <testcase name="WCRV_Generate_RateSheet_Passkey" time="300.623" classname="WCRV_Application.WCRV_SmokeTest"/>
</testsuite> <!-- WCRV_Test -->
