<?xml version="1.0" encoding="UTF-8"?>
<!-- Generated by org.testng.reporters.JUnitXMLReporter -->
<testsuite hostname="WTC-5159473-l2" ignored="0" name="MFAC_Test" tests="19" failures="2" timestamp="15 Jun 2019 19:55:13 GMT" time="19.144" errors="0">
  <testcase name="SetEvironmentLevel" time="0.039" classname="SupportClasses.Environment">
    <skipped/>
  </testcase> <!-- SetEvironmentLevel -->
  <testcase name="IssuePinExpiration" time="0.586" classname="MFAC_Application.MFAC"/>
  <testcase name="IssuePinExpiration" time="1.102" classname="MFAC_Application.MFAC"/>
  <testcase name="AdditionalEnrollmentExpiration" time="1.329" classname="MFAC_Application.MFAC"/>
  <testcase name="AdditionalEnrollmentExpiration" time="2.312" classname="MFAC_Application.MFAC"/>
  <testcase name="IssuePin" time="0.298" classname="MFAC_Application.MFAC"/>
  <testcase name="IssuePin" time="1.411" classname="MFAC_Application.MFAC"/>
  <testcase name="IssuePinVelocity" time="4.135" classname="MFAC_Application.MFAC"/>
  <testcase name="VerifyPinNoLongerValid" time="5.076" classname="MFAC_Application.MFAC"/>
  <testcase name="IssuePinVelocity" time="6.735" classname="MFAC_Application.MFAC"/>
  <testcase name="VerifyPinNoLongerValid" time="5.963" classname="MFAC_Application.MFAC"/>
  <testcase name="VerifyPinValid" time="3.749" classname="MFAC_Application.MFAC"/>
  <testcase name="VerifyPinValid" time="3.948" classname="MFAC_Application.MFAC"/>
  <testcase name="AddressVelocity" time="12.824" classname="MFAC_Application.MFAC"/>
  <testcase name="AddressVelocity" time="13.823" classname="MFAC_Application.MFAC"/>
  <testcase name="VerifyPinVelocity" time="7.049" classname="MFAC_Application.MFAC"/>
  <testcase name="VerifyPinVelocity" time="7.409" classname="MFAC_Application.MFAC"/>
  <testcase name="AdditionalEnrollmentExpirationValidate" time="0.016" classname="MFAC_Application.MFAC">
    <failure type="org.testng.internal.reflect.MethodMatcherException" message="
Data provider mismatch
Method: AdditionalEnrollmentExpirationValidate([Parameter{index=0, type=java.lang.String, declaredAnnotations=[]}, Parameter{index=1, type=java.lang.String, declaredAnnotations=[]}, Parameter{index=2, type=java.lang.String, declaredAnnotations=[]}, Parameter{index=3, type=java.lang.String, declaredAnnotations=[]}, Parameter{index=4, type=java.lang.String, declaredAnnotations=[]}, Parameter{index=5, type=java.lang.String, declaredAnnotations=[]}, Parameter{index=6, type=java.lang.String, declaredAnnotations=[]}, Parameter{index=7, type=java.lang.String, declaredAnnotations=[]}, Parameter{index=8, type=java.lang.String, declaredAnnotations=[]}])
Arguments: [(java.lang.String) AdditionalEnrollmentExpiration: {&amp;quot;transactionId&amp;quot;:&amp;quot;6c179b8a-aa0e-44ed-ab36-75cf7e098685&amp;quot;,&amp;quot;output&amp;quot;:{&amp;quot;pinOTP&amp;quot;:&amp;quot;803602&amp;quot;,&amp;quot;pinExpirationDate&amp;quot;:&amp;quot;07/06/2019 07:54 PM GMT&amp;quot;}},(java.lang.String) 06/15/2019 08:04 PM GMT,(java.lang.String) hgoztqlydk-sjqoyjogwnlujxfnznzrgvqg,(java.lang.String) FDM-POSTCARD-PIN,(java.lang.String) 803602,(java.lang.String) https://apitest.fedex.com/security/v1/pin/verify,(java.lang.String) l7xx55c591482e9c47bfb0556561cb9e8cfa,(java.lang.String) Success]">
      <![CDATA[org.testng.internal.reflect.MethodMatcherException: 
Data provider mismatch
Method: AdditionalEnrollmentExpirationValidate([Parameter{index=0, type=java.lang.String, declaredAnnotations=[]}, Parameter{index=1, type=java.lang.String, declaredAnnotations=[]}, Parameter{index=2, type=java.lang.String, declaredAnnotations=[]}, Parameter{index=3, type=java.lang.String, declaredAnnotations=[]}, Parameter{index=4, type=java.lang.String, declaredAnnotations=[]}, Parameter{index=5, type=java.lang.String, declaredAnnotations=[]}, Parameter{index=6, type=java.lang.String, declaredAnnotations=[]}, Parameter{index=7, type=java.lang.String, declaredAnnotations=[]}, Parameter{index=8, type=java.lang.String, declaredAnnotations=[]}])
Arguments: [(java.lang.String) AdditionalEnrollmentExpiration: {"transactionId":"6c179b8a-aa0e-44ed-ab36-75cf7e098685","output":{"pinOTP":"803602","pinExpirationDate":"07/06/2019 07:54 PM GMT"}},(java.lang.String) 06/15/2019 08:04 PM GMT,(java.lang.String) hgoztqlydk-sjqoyjogwnlujxfnznzrgvqg,(java.lang.String) FDM-POSTCARD-PIN,(java.lang.String) 803602,(java.lang.String) https://apitest.fedex.com/security/v1/pin/verify,(java.lang.String) l7xx55c591482e9c47bfb0556561cb9e8cfa,(java.lang.String) Success]
at java.util.concurrent.ThreadPoolExecutor.runWorker(Unknown Source)
at java.util.concurrent.ThreadPoolExecutor$Worker.run(Unknown Source)
at java.lang.Thread.run(Unknown Source)
... Removed 5 stack frames]]>
    </failure>
  </testcase> <!-- AdditionalEnrollmentExpirationValidate -->
  <testcase name="IssuePinExpirationValidate" time="0.016" classname="MFAC_Application.MFAC">
    <failure type="org.testng.internal.reflect.MethodMatcherException" message="
Data provider mismatch
Method: IssuePinExpirationValidate([Parameter{index=0, type=java.lang.String, declaredAnnotations=[]}, Parameter{index=1, type=java.lang.String, declaredAnnotations=[]}, Parameter{index=2, type=java.lang.String, declaredAnnotations=[]}, Parameter{index=3, type=java.lang.String, declaredAnnotations=[]}, Parameter{index=4, type=java.lang.String, declaredAnnotations=[]}, Parameter{index=5, type=java.lang.String, declaredAnnotations=[]}, Parameter{index=6, type=java.lang.String, declaredAnnotations=[]}, Parameter{index=7, type=java.lang.String, declaredAnnotations=[]}, Parameter{index=8, type=java.lang.String, declaredAnnotations=[]}])
Arguments: [(java.lang.String) IssuePinExpiration:  {&amp;quot;transactionId&amp;quot;:&amp;quot;1fd5871a-155a-4130-904e-6b64491bba49&amp;quot;,&amp;quot;output&amp;quot;:{&amp;quot;pinOTP&amp;quot;:&amp;quot;900197&amp;quot;,&amp;quot;pinExpirationDate&amp;quot;:&amp;quot;06/15/2019 08:04 PM GMT&amp;quot;}},(java.lang.String) 06/15/2019 08:04 PM GMT,(java.lang.String) qbjqnrwngt-zmhwxvonlakrucdamcjfhtce,(java.lang.String) FDM-PHONE-PIN,(java.lang.String) 900197,(java.lang.String) https://apitest.fedex.com/security/v1/pin/verify,(java.lang.String) l7xx55c591482e9c47bfb0556561cb9e8cfa,(java.lang.String) PIN.FAILURE]">
      <![CDATA[org.testng.internal.reflect.MethodMatcherException: 
Data provider mismatch
Method: IssuePinExpirationValidate([Parameter{index=0, type=java.lang.String, declaredAnnotations=[]}, Parameter{index=1, type=java.lang.String, declaredAnnotations=[]}, Parameter{index=2, type=java.lang.String, declaredAnnotations=[]}, Parameter{index=3, type=java.lang.String, declaredAnnotations=[]}, Parameter{index=4, type=java.lang.String, declaredAnnotations=[]}, Parameter{index=5, type=java.lang.String, declaredAnnotations=[]}, Parameter{index=6, type=java.lang.String, declaredAnnotations=[]}, Parameter{index=7, type=java.lang.String, declaredAnnotations=[]}, Parameter{index=8, type=java.lang.String, declaredAnnotations=[]}])
Arguments: [(java.lang.String) IssuePinExpiration:  {"transactionId":"1fd5871a-155a-4130-904e-6b64491bba49","output":{"pinOTP":"900197","pinExpirationDate":"06/15/2019 08:04 PM GMT"}},(java.lang.String) 06/15/2019 08:04 PM GMT,(java.lang.String) qbjqnrwngt-zmhwxvonlakrucdamcjfhtce,(java.lang.String) FDM-PHONE-PIN,(java.lang.String) 900197,(java.lang.String) https://apitest.fedex.com/security/v1/pin/verify,(java.lang.String) l7xx55c591482e9c47bfb0556561cb9e8cfa,(java.lang.String) PIN.FAILURE]
at java.util.concurrent.ThreadPoolExecutor.runWorker(Unknown Source)
at java.util.concurrent.ThreadPoolExecutor$Worker.run(Unknown Source)
at java.lang.Thread.run(Unknown Source)
... Removed 5 stack frames]]>
    </failure>
  </testcase> <!-- IssuePinExpirationValidate -->
</testsuite> <!-- MFAC_Test -->
