<?xml version="1.0" encoding="UTF-8"?>
<!-- Generated by org.testng.reporters.JUnitXMLReporter -->
<testsuite hostname="WTC-5159473-l2" ignored="0" name="WFCL_Test_Invitations" tests="7" failures="3" timestamp="16 Jun 2019 07:00:08 GMT" time="219.887" errors="0">
  <testcase name="SetEvironmentLevel" time="0.124" classname="SupportClasses.Environment">
    <skipped/>
  </testcase> <!-- SetEvironmentLevel -->
  <testcase name="IPAS_Invitation_Attempt" time="101.165" classname="IPAS_Application.IPAS_Invitation"/>
  <testcase name="IPAS_Invitation_Attempt" time="101.51" classname="IPAS_Application.IPAS_Invitation"/>
  <testcase name="IPAS_Invitation_Attempt" time="135.045" classname="IPAS_Application.IPAS_Invitation"/>
  <testcase name="WADM_Invitation_Attempt" time="178.003" classname="WADM_Application.WADM_Invitation">
    <failure type="java.lang.AssertionError" message="Text does not match.  By.tagName: body   Your updates have been saved.">
      <![CDATA[java.lang.AssertionError: Text does not match.  By.tagName: body   Your updates have been saved.
at WADM_Application.WADM_Invitation.WADM_Invitation_Attempt(WADM_Invitation.java:64)
at java.util.concurrent.FutureTask.run(Unknown Source)
at java.util.concurrent.Executors$RunnableAdapter.call(Unknown Source)
at java.util.concurrent.FutureTask.run(Unknown Source)
at java.util.concurrent.ThreadPoolExecutor.runWorker(Unknown Source)
at java.util.concurrent.ThreadPoolExecutor$Worker.run(Unknown Source)
at java.lang.Thread.run(Unknown Source)
... Removed 10 stack frames]]>
    </failure>
  </testcase> <!-- WADM_Invitation_Attempt -->
  <testcase name="WADM_Invitation_Attempt" time="201.19" classname="WADM_Application.WADM_Invitation">
    <failure type="java.lang.AssertionError" message="Text does not match.  By.tagName: body   Your updates have been saved.">
      <![CDATA[java.lang.AssertionError: Text does not match.  By.tagName: body   Your updates have been saved.
at WADM_Application.WADM_Invitation.WADM_Invitation_Attempt(WADM_Invitation.java:64)
at java.util.concurrent.FutureTask.run(Unknown Source)
at java.util.concurrent.Executors$RunnableAdapter.call(Unknown Source)
at java.util.concurrent.FutureTask.run(Unknown Source)
at java.util.concurrent.ThreadPoolExecutor.runWorker(Unknown Source)
at java.util.concurrent.ThreadPoolExecutor$Worker.run(Unknown Source)
at java.lang.Thread.run(Unknown Source)
... Removed 10 stack frames]]>
    </failure>
  </testcase> <!-- WADM_Invitation_Attempt -->
  <testcase name="WADM_Invitation_Attempt" time="217.485" classname="WADM_Application.WADM_Invitation">
    <failure type="java.lang.AssertionError" message="Text does not match.  By.tagName: body   Your updates have been saved.">
      <![CDATA[java.lang.AssertionError: Text does not match.  By.tagName: body   Your updates have been saved.
at WADM_Application.WADM_Invitation.WADM_Invitation_Attempt(WADM_Invitation.java:64)
at java.util.concurrent.FutureTask.run(Unknown Source)
at java.util.concurrent.Executors$RunnableAdapter.call(Unknown Source)
at java.util.concurrent.FutureTask.run(Unknown Source)
at java.util.concurrent.ThreadPoolExecutor.runWorker(Unknown Source)
at java.util.concurrent.ThreadPoolExecutor$Worker.run(Unknown Source)
at java.lang.Thread.run(Unknown Source)
... Removed 10 stack frames]]>
    </failure>
  </testcase> <!-- WADM_Invitation_Attempt -->
</testsuite> <!-- WFCL_Test_Invitations -->
