<?xml version="1.0" encoding="UTF-8"?>
<!-- Generated by org.testng.reporters.JUnitXMLReporter -->
<testsuite hostname="WTC-5159473-l2" ignored="0" name="Command line test" tests="20" failures="8" timestamp="15 Jun 2019 20:56:06 GMT" time="33.523" errors="0">
  <testcase name="ADAT_CreateUser" time="0.951" classname="ADAT_Application.ADAT_SmokeTest"/>
  <testcase name="ADAT_CreateUser" time="0.95" classname="ADAT_Application.ADAT_SmokeTest"/>
  <testcase name="ADAT_CreateUser" time="1.145" classname="ADAT_Application.ADAT_SmokeTest"/>
  <testcase name="ADAT_CreateUser" time="1.145" classname="ADAT_Application.ADAT_SmokeTest"/>
  <testcase name="AdditionalEnrollmentExpiration" time="7.742" classname="MFAC_Application.MFAC"/>
  <testcase name="AdditionalEnrollmentExpiration" time="7.879" classname="MFAC_Application.MFAC">
    <failure type="java.lang.AssertionError" message="
Expected: a string containing &amp;quot;pinExpirationDate&amp;quot;
     but: was &amp;quot;mfacdrt-cos-vip.test.cloUser_Info.fedex.comnull&amp;quot;">
      <![CDATA[java.lang.AssertionError: 
Expected: a string containing "pinExpirationDate"
     but: was "mfacdrt-cos-vip.test.cloUser_Info.fedex.comnull"
at org.hamcrest.MatcherAssert.assertThat(MatcherAssert.java:20)
at org.junit.Assert.assertThat(Assert.java:956)
at org.junit.Assert.assertThat(Assert.java:923)
at MFAC_Application.MFAC.AdditionalEnrollmentExpiration(MFAC.java:333)
at java.util.concurrent.FutureTask.run(Unknown Source)
at java.util.concurrent.Executors$RunnableAdapter.call(Unknown Source)
at java.util.concurrent.FutureTask.run(Unknown Source)
at java.util.concurrent.ThreadPoolExecutor.runWorker(Unknown Source)
at java.util.concurrent.ThreadPoolExecutor$Worker.run(Unknown Source)
at java.lang.Thread.run(Unknown Source)
... Removed 9 stack frames]]>
    </failure>
  </testcase> <!-- AdditionalEnrollmentExpiration -->
  <testcase name="AdditionalEnrollmentExpiration" time="8.799" classname="MFAC_Application.MFAC"/>
  <testcase name="AdditionalEnrollmentExpiration" time="8.799" classname="MFAC_Application.MFAC">
    <failure type="java.lang.AssertionError" message="
Expected: a string containing &amp;quot;pinExpirationDate&amp;quot;
     but: was &amp;quot;mfacdrt-cos-vip.test.cloUser_Info.fedex.comnull&amp;quot;">
      <![CDATA[java.lang.AssertionError: 
Expected: a string containing "pinExpirationDate"
     but: was "mfacdrt-cos-vip.test.cloUser_Info.fedex.comnull"
at org.hamcrest.MatcherAssert.assertThat(MatcherAssert.java:20)
at org.junit.Assert.assertThat(Assert.java:956)
at org.junit.Assert.assertThat(Assert.java:923)
at MFAC_Application.MFAC.AdditionalEnrollmentExpiration(MFAC.java:333)
at java.util.concurrent.FutureTask.run(Unknown Source)
at java.util.concurrent.Executors$RunnableAdapter.call(Unknown Source)
at java.util.concurrent.FutureTask.run(Unknown Source)
at java.util.concurrent.ThreadPoolExecutor.runWorker(Unknown Source)
at java.util.concurrent.ThreadPoolExecutor$Worker.run(Unknown Source)
at java.lang.Thread.run(Unknown Source)
... Removed 9 stack frames]]>
    </failure>
  </testcase> <!-- AdditionalEnrollmentExpiration -->
  <testcase name="AdditionalEnrollmentExpiration" time="16.063" classname="MFAC_Application.MFAC">
    <failure type="java.lang.AssertionError" message="
Expected: a string containing &amp;quot;pinExpirationDate&amp;quot;
     but: was &amp;quot;mfacdev-cos-vip.test.cloUser_Info.fedex.comnull&amp;quot;">
      <![CDATA[java.lang.AssertionError: 
Expected: a string containing "pinExpirationDate"
     but: was "mfacdev-cos-vip.test.cloUser_Info.fedex.comnull"
at org.hamcrest.MatcherAssert.assertThat(MatcherAssert.java:20)
at org.junit.Assert.assertThat(Assert.java:956)
at org.junit.Assert.assertThat(Assert.java:923)
at MFAC_Application.MFAC.AdditionalEnrollmentExpiration(MFAC.java:333)
at java.util.concurrent.FutureTask.run(Unknown Source)
at java.util.concurrent.Executors$RunnableAdapter.call(Unknown Source)
at java.util.concurrent.FutureTask.run(Unknown Source)
at java.util.concurrent.ThreadPoolExecutor.runWorker(Unknown Source)
at java.util.concurrent.ThreadPoolExecutor$Worker.run(Unknown Source)
at java.lang.Thread.run(Unknown Source)
... Removed 9 stack frames]]>
    </failure>
  </testcase> <!-- AdditionalEnrollmentExpiration -->
  <testcase name="AdditionalEnrollmentExpiration" time="16.065" classname="MFAC_Application.MFAC">
    <failure type="java.lang.AssertionError" message="
Expected: a string containing &amp;quot;pinExpirationDate&amp;quot;
     but: was &amp;quot;mfacdev-cos-vip.test.cloUser_Info.fedex.comnull&amp;quot;">
      <![CDATA[java.lang.AssertionError: 
Expected: a string containing "pinExpirationDate"
     but: was "mfacdev-cos-vip.test.cloUser_Info.fedex.comnull"
at org.hamcrest.MatcherAssert.assertThat(MatcherAssert.java:20)
at org.junit.Assert.assertThat(Assert.java:956)
at org.junit.Assert.assertThat(Assert.java:923)
at MFAC_Application.MFAC.AdditionalEnrollmentExpiration(MFAC.java:333)
at java.util.concurrent.FutureTask.run(Unknown Source)
at java.util.concurrent.Executors$RunnableAdapter.call(Unknown Source)
at java.util.concurrent.FutureTask.run(Unknown Source)
at java.util.concurrent.ThreadPoolExecutor.runWorker(Unknown Source)
at java.util.concurrent.ThreadPoolExecutor$Worker.run(Unknown Source)
at java.lang.Thread.run(Unknown Source)
... Removed 9 stack frames]]>
    </failure>
  </testcase> <!-- AdditionalEnrollmentExpiration -->
  <testcase name="AdditionalEnrollmentExpiration" time="18.627" classname="MFAC_Application.MFAC"/>
  <testcase name="AdditionalEnrollmentExpiration" time="21.822" classname="MFAC_Application.MFAC"/>
  <testcase name="IssuePinExpiration" time="3.013" classname="MFAC_Application.MFAC"/>
  <testcase name="IssuePinExpiration" time="3.015" classname="MFAC_Application.MFAC">
    <failure type="java.lang.AssertionError" message="
Expected: a string containing &amp;quot;pinExpirationDate&amp;quot;
     but: was &amp;quot;mfacdev-cos-vip.test.cloUser_Info.fedex.comnull&amp;quot;">
      <![CDATA[java.lang.AssertionError: 
Expected: a string containing "pinExpirationDate"
     but: was "mfacdev-cos-vip.test.cloUser_Info.fedex.comnull"
at org.hamcrest.MatcherAssert.assertThat(MatcherAssert.java:20)
at org.junit.Assert.assertThat(Assert.java:956)
at org.junit.Assert.assertThat(Assert.java:923)
at MFAC_Application.MFAC.IssuePinExpiration(MFAC.java:267)
at java.util.concurrent.FutureTask.run(Unknown Source)
at java.util.concurrent.Executors$RunnableAdapter.call(Unknown Source)
at java.util.concurrent.FutureTask.run(Unknown Source)
at java.util.concurrent.ThreadPoolExecutor.runWorker(Unknown Source)
at java.util.concurrent.ThreadPoolExecutor$Worker.run(Unknown Source)
at java.lang.Thread.run(Unknown Source)
... Removed 9 stack frames]]>
    </failure>
  </testcase> <!-- IssuePinExpiration -->
  <testcase name="IssuePinExpiration" time="3.019" classname="MFAC_Application.MFAC">
    <failure type="java.lang.AssertionError" message="
Expected: a string containing &amp;quot;pinExpirationDate&amp;quot;
     but: was &amp;quot;mfacdev-cos-vip.test.cloUser_Info.fedex.comnull&amp;quot;">
      <![CDATA[java.lang.AssertionError: 
Expected: a string containing "pinExpirationDate"
     but: was "mfacdev-cos-vip.test.cloUser_Info.fedex.comnull"
at org.hamcrest.MatcherAssert.assertThat(MatcherAssert.java:20)
at org.junit.Assert.assertThat(Assert.java:956)
at org.junit.Assert.assertThat(Assert.java:923)
at MFAC_Application.MFAC.IssuePinExpiration(MFAC.java:267)
at java.util.concurrent.FutureTask.run(Unknown Source)
at java.util.concurrent.Executors$RunnableAdapter.call(Unknown Source)
at java.util.concurrent.FutureTask.run(Unknown Source)
at java.util.concurrent.ThreadPoolExecutor.runWorker(Unknown Source)
at java.util.concurrent.ThreadPoolExecutor$Worker.run(Unknown Source)
at java.lang.Thread.run(Unknown Source)
... Removed 9 stack frames]]>
    </failure>
  </testcase> <!-- IssuePinExpiration -->
  <testcase name="IssuePinExpiration" time="6.184" classname="MFAC_Application.MFAC"/>
  <testcase name="IssuePinExpiration" time="6.941" classname="MFAC_Application.MFAC"/>
  <testcase name="IssuePinExpiration" time="7.703" classname="MFAC_Application.MFAC"/>
  <testcase name="IssuePinExpiration" time="7.881" classname="MFAC_Application.MFAC">
    <failure type="java.lang.AssertionError" message="
Expected: a string containing &amp;quot;pinExpirationDate&amp;quot;
     but: was &amp;quot;mfacdrt-cos-vip.test.cloUser_Info.fedex.comnull&amp;quot;">
      <![CDATA[java.lang.AssertionError: 
Expected: a string containing "pinExpirationDate"
     but: was "mfacdrt-cos-vip.test.cloUser_Info.fedex.comnull"
at org.hamcrest.MatcherAssert.assertThat(MatcherAssert.java:20)
at org.junit.Assert.assertThat(Assert.java:956)
at org.junit.Assert.assertThat(Assert.java:923)
at MFAC_Application.MFAC.IssuePinExpiration(MFAC.java:267)
at java.util.concurrent.FutureTask.run(Unknown Source)
at java.util.concurrent.Executors$RunnableAdapter.call(Unknown Source)
at java.util.concurrent.FutureTask.run(Unknown Source)
at java.util.concurrent.ThreadPoolExecutor.runWorker(Unknown Source)
at java.util.concurrent.ThreadPoolExecutor$Worker.run(Unknown Source)
at java.lang.Thread.run(Unknown Source)
... Removed 9 stack frames]]>
    </failure>
  </testcase> <!-- IssuePinExpiration -->
  <testcase name="IssuePinExpiration" time="7.884" classname="MFAC_Application.MFAC">
    <failure type="java.lang.AssertionError" message="
Expected: a string containing &amp;quot;pinExpirationDate&amp;quot;
     but: was &amp;quot;mfacdrt-cos-vip.test.cloUser_Info.fedex.comnull&amp;quot;">
      <![CDATA[java.lang.AssertionError: 
Expected: a string containing "pinExpirationDate"
     but: was "mfacdrt-cos-vip.test.cloUser_Info.fedex.comnull"
at org.hamcrest.MatcherAssert.assertThat(MatcherAssert.java:20)
at org.junit.Assert.assertThat(Assert.java:956)
at org.junit.Assert.assertThat(Assert.java:923)
at MFAC_Application.MFAC.IssuePinExpiration(MFAC.java:267)
at java.util.concurrent.FutureTask.run(Unknown Source)
at java.util.concurrent.Executors$RunnableAdapter.call(Unknown Source)
at java.util.concurrent.FutureTask.run(Unknown Source)
at java.util.concurrent.ThreadPoolExecutor.runWorker(Unknown Source)
at java.util.concurrent.ThreadPoolExecutor$Worker.run(Unknown Source)
at java.lang.Thread.run(Unknown Source)
... Removed 9 stack frames]]>
    </failure>
  </testcase> <!-- IssuePinExpiration -->
</testsuite> <!-- Command line test -->
