<?xml version="1.0" encoding="UTF-8"?>
<testng-results skipped="0" failed="2" ignored="0" total="9" passed="7">
  <reporter-output>
  </reporter-output>
  <suite name="WCRV_Suite" duration-ms="302999" started-at="2019-06-20T14:48:56Z" finished-at="2019-06-20T14:53:59Z">
    <groups>
    </groups>
    <test name="WCRV_Test" duration-ms="302999" started-at="2019-06-20T14:48:56Z" finished-at="2019-06-20T14:53:59Z">
      <class name="WCRV_Application.WCRV_SmokeTest">
        <test-method status="PASS" signature="beforeClass()[pri:0, instance:WCRV_Application.WCRV_SmokeTest@667a738]" name="beforeClass" is-config="true" duration-ms="3" started-at="2019-06-20T14:48:56Z" finished-at="2019-06-20T14:48:56Z">
          <reporter-output>
          </reporter-output>
        </test-method> <!-- beforeClass -->
        <test-method status="PASS" signature="WCRV_Generate_RateSheet(java.lang.String, java.lang.String, java.lang.String, java.lang.String, java.lang.String, int)[pri:0, instance:WCRV_Application.WCRV_SmokeTest@667a738]" name="WCRV_Generate_RateSheet" duration-ms="253020" started-at="2019-06-20T14:48:58Z" data-provider="dp" finished-at="2019-06-20T14:53:11Z">
          <params>
            <param index="0">
              <value>
                <![CDATA[3]]>
              </value>
            </param>
            <param index="1">
              <value>
                <![CDATA[US]]>
              </value>
            </param>
            <param index="2">
              <value>
                <![CDATA[L3usCC20170101611379]]>
              </value>
            </param>
            <param index="3">
              <value>
                <![CDATA[Test1234]]>
              </value>
            </param>
            <param index="4">
              <value>
                <![CDATA[INTRA_COUNTRY]]>
              </value>
            </param>
            <param index="5">
              <value>
                <![CDATA[1]]>
              </value>
            </param>
          </params>
          <reporter-output>
          </reporter-output>
        </test-method> <!-- WCRV_Generate_RateSheet -->
        <test-method status="PASS" signature="WCRV_Generate_RateSheet_Passkey(java.lang.String, java.lang.String, java.lang.String, java.lang.String, java.lang.String, int)[pri:0, instance:WCRV_Application.WCRV_SmokeTest@667a738]" name="WCRV_Generate_RateSheet_Passkey" duration-ms="300623" started-at="2019-06-20T14:48:58Z" data-provider="dp" finished-at="2019-06-20T14:53:59Z">
          <params>
            <param index="0">
              <value>
                <![CDATA[3]]>
              </value>
            </param>
            <param index="1">
              <value>
                <![CDATA[US]]>
              </value>
            </param>
            <param index="2">
              <value>
                <![CDATA[L3usCC20170101611379]]>
              </value>
            </param>
            <param index="3">
              <value>
                <![CDATA[Test1234]]>
              </value>
            </param>
            <param index="4">
              <value>
                <![CDATA[IMPORT]]>
              </value>
            </param>
            <param index="5">
              <value>
                <![CDATA[1]]>
              </value>
            </param>
          </params>
          <reporter-output>
          </reporter-output>
        </test-method> <!-- WCRV_Generate_RateSheet_Passkey -->
        <test-method status="FAIL" signature="WCRV_Help_Link(java.lang.String, Data_Structures.User_Data, java.lang.String)[pri:0, instance:WCRV_Application.WCRV_SmokeTest@667a738]" name="WCRV_Help_Link" duration-ms="189667" started-at="2019-06-20T14:48:58Z" data-provider="dp" finished-at="2019-06-20T14:52:08Z">
          <params>
            <param index="0">
              <value>
                <![CDATA[3]]>
              </value>
            </param>
            <param index="1">
              <value>
                <![CDATA[Data_Structures.User_Data@4c22110e]]>
              </value>
            </param>
            <param index="2">
              <value>
                <![CDATA[US]]>
              </value>
            </param>
          </params>
          <exception class="java.lang.AssertionError">
            <message>
              <![CDATA[US Help page not loading correctly.]]>
            </message>
            <full-stacktrace>
              <![CDATA[java.lang.AssertionError: US Help page not loading correctly.
at org.testng.Assert.fail(Assert.java:96)
at WCRV_Application.WCRV_SmokeTest.WCRV_Help_Link(WCRV_SmokeTest.java:116)
at sun.reflect.NativeMethodAccessorImpl.invoke0(Native Method)
at sun.reflect.NativeMethodAccessorImpl.invoke(Unknown Source)
at sun.reflect.DelegatingMethodAccessorImpl.invoke(Unknown Source)
at java.lang.reflect.Method.invoke(Unknown Source)
at org.testng.internal.MethodInvocationHelper.invokeMethod(MethodInvocationHelper.java:124)
at org.testng.internal.Invoker.invokeMethod(Invoker.java:580)
at org.testng.internal.Invoker.invokeTestMethod(Invoker.java:716)
at org.testng.internal.TestMethodWithDataProviderMethodWorker.call(TestMethodWithDataProviderMethodWorker.java:71)
at org.testng.internal.TestMethodWithDataProviderMethodWorker.call(TestMethodWithDataProviderMethodWorker.java:14)
at java.util.concurrent.FutureTask.run(Unknown Source)
at java.util.concurrent.Executors$RunnableAdapter.call(Unknown Source)
at java.util.concurrent.FutureTask.run(Unknown Source)
at java.util.concurrent.ThreadPoolExecutor.runWorker(Unknown Source)
at java.util.concurrent.ThreadPoolExecutor$Worker.run(Unknown Source)
at java.lang.Thread.run(Unknown Source)
]]>
            </full-stacktrace>
          </exception> <!-- java.lang.AssertionError -->
          <reporter-output>
          </reporter-output>
        </test-method> <!-- WCRV_Help_Link -->
        <test-method status="PASS" signature="WCRV_Generate_RateSheet_Passkey(java.lang.String, java.lang.String, java.lang.String, java.lang.String, java.lang.String, int)[pri:0, instance:WCRV_Application.WCRV_SmokeTest@667a738]" name="WCRV_Generate_RateSheet_Passkey" duration-ms="236502" started-at="2019-06-20T14:48:58Z" data-provider="dp" finished-at="2019-06-20T14:52:54Z">
          <params>
            <param index="0">
              <value>
                <![CDATA[3]]>
              </value>
            </param>
            <param index="1">
              <value>
                <![CDATA[US]]>
              </value>
            </param>
            <param index="2">
              <value>
                <![CDATA[L3usCC20170101611379]]>
              </value>
            </param>
            <param index="3">
              <value>
                <![CDATA[Test1234]]>
              </value>
            </param>
            <param index="4">
              <value>
                <![CDATA[THIRD_PARTY]]>
              </value>
            </param>
            <param index="5">
              <value>
                <![CDATA[1]]>
              </value>
            </param>
          </params>
          <reporter-output>
          </reporter-output>
        </test-method> <!-- WCRV_Generate_RateSheet_Passkey -->
        <test-method status="FAIL" signature="WCRV_Generate_RateSheet(java.lang.String, java.lang.String, java.lang.String, java.lang.String, java.lang.String, int)[pri:0, instance:WCRV_Application.WCRV_SmokeTest@667a738]" name="WCRV_Generate_RateSheet" duration-ms="107057" started-at="2019-06-20T14:48:58Z" data-provider="dp" finished-at="2019-06-20T14:50:45Z">
          <params>
            <param index="0">
              <value>
                <![CDATA[3]]>
              </value>
            </param>
            <param index="1">
              <value>
                <![CDATA[US]]>
              </value>
            </param>
            <param index="2">
              <value>
                <![CDATA[L3usCC20170101611379]]>
              </value>
            </param>
            <param index="3">
              <value>
                <![CDATA[Test1234]]>
              </value>
            </param>
            <param index="4">
              <value>
                <![CDATA[THIRD_PARTY]]>
              </value>
            </param>
            <param index="5">
              <value>
                <![CDATA[1]]>
              </value>
            </param>
          </params>
          <exception class="java.lang.AssertionError">
            <message>
              <![CDATA[Element is not present on page.  By.id: account]]>
            </message>
            <full-stacktrace>
              <![CDATA[java.lang.AssertionError: Element is not present on page.  By.id: account
at org.testng.Assert.fail(Assert.java:96)
at WCRV_Application.WCRV_SmokeTest.WCRV_Generate_RateSheet(WCRV_SmokeTest.java:91)
at sun.reflect.NativeMethodAccessorImpl.invoke0(Native Method)
at sun.reflect.NativeMethodAccessorImpl.invoke(Unknown Source)
at sun.reflect.DelegatingMethodAccessorImpl.invoke(Unknown Source)
at java.lang.reflect.Method.invoke(Unknown Source)
at org.testng.internal.MethodInvocationHelper.invokeMethod(MethodInvocationHelper.java:124)
at org.testng.internal.Invoker.invokeMethod(Invoker.java:580)
at org.testng.internal.Invoker.invokeTestMethod(Invoker.java:716)
at org.testng.internal.TestMethodWithDataProviderMethodWorker.call(TestMethodWithDataProviderMethodWorker.java:71)
at org.testng.internal.TestMethodWithDataProviderMethodWorker.call(TestMethodWithDataProviderMethodWorker.java:14)
at java.util.concurrent.FutureTask.run(Unknown Source)
at java.util.concurrent.Executors$RunnableAdapter.call(Unknown Source)
at java.util.concurrent.FutureTask.run(Unknown Source)
at java.util.concurrent.ThreadPoolExecutor.runWorker(Unknown Source)
at java.util.concurrent.ThreadPoolExecutor$Worker.run(Unknown Source)
at java.lang.Thread.run(Unknown Source)
]]>
            </full-stacktrace>
          </exception> <!-- java.lang.AssertionError -->
          <reporter-output>
          </reporter-output>
        </test-method> <!-- WCRV_Generate_RateSheet -->
        <test-method status="PASS" signature="WCRV_Generate_RateSheet_Passkey(java.lang.String, java.lang.String, java.lang.String, java.lang.String, java.lang.String, int)[pri:0, instance:WCRV_Application.WCRV_SmokeTest@667a738]" name="WCRV_Generate_RateSheet_Passkey" duration-ms="244662" started-at="2019-06-20T14:48:58Z" data-provider="dp" finished-at="2019-06-20T14:53:03Z">
          <params>
            <param index="0">
              <value>
                <![CDATA[3]]>
              </value>
            </param>
            <param index="1">
              <value>
                <![CDATA[US]]>
              </value>
            </param>
            <param index="2">
              <value>
                <![CDATA[L3usCC20170101611379]]>
              </value>
            </param>
            <param index="3">
              <value>
                <![CDATA[Test1234]]>
              </value>
            </param>
            <param index="4">
              <value>
                <![CDATA[INTRA_COUNTRY]]>
              </value>
            </param>
            <param index="5">
              <value>
                <![CDATA[1]]>
              </value>
            </param>
          </params>
          <reporter-output>
          </reporter-output>
        </test-method> <!-- WCRV_Generate_RateSheet_Passkey -->
        <test-method status="PASS" signature="WCRV_Generate_RateSheet(java.lang.String, java.lang.String, java.lang.String, java.lang.String, java.lang.String, int)[pri:0, instance:WCRV_Application.WCRV_SmokeTest@667a738]" name="WCRV_Generate_RateSheet" duration-ms="173931" started-at="2019-06-20T14:48:58Z" data-provider="dp" finished-at="2019-06-20T14:51:52Z">
          <params>
            <param index="0">
              <value>
                <![CDATA[3]]>
              </value>
            </param>
            <param index="1">
              <value>
                <![CDATA[US]]>
              </value>
            </param>
            <param index="2">
              <value>
                <![CDATA[L3usCC20170101611379]]>
              </value>
            </param>
            <param index="3">
              <value>
                <![CDATA[Test1234]]>
              </value>
            </param>
            <param index="4">
              <value>
                <![CDATA[EXPORT]]>
              </value>
            </param>
            <param index="5">
              <value>
                <![CDATA[1]]>
              </value>
            </param>
          </params>
          <reporter-output>
          </reporter-output>
        </test-method> <!-- WCRV_Generate_RateSheet -->
        <test-method status="PASS" signature="WCRV_Generate_RateSheet(java.lang.String, java.lang.String, java.lang.String, java.lang.String, java.lang.String, int)[pri:0, instance:WCRV_Application.WCRV_SmokeTest@667a738]" name="WCRV_Generate_RateSheet" duration-ms="134072" started-at="2019-06-20T14:48:58Z" data-provider="dp" finished-at="2019-06-20T14:51:12Z">
          <params>
            <param index="0">
              <value>
                <![CDATA[3]]>
              </value>
            </param>
            <param index="1">
              <value>
                <![CDATA[US]]>
              </value>
            </param>
            <param index="2">
              <value>
                <![CDATA[L3usCC20170101611379]]>
              </value>
            </param>
            <param index="3">
              <value>
                <![CDATA[Test1234]]>
              </value>
            </param>
            <param index="4">
              <value>
                <![CDATA[IMPORT]]>
              </value>
            </param>
            <param index="5">
              <value>
                <![CDATA[1]]>
              </value>
            </param>
          </params>
          <reporter-output>
          </reporter-output>
        </test-method> <!-- WCRV_Generate_RateSheet -->
        <test-method status="PASS" signature="WCRV_Generate_RateSheet_Passkey(java.lang.String, java.lang.String, java.lang.String, java.lang.String, java.lang.String, int)[pri:0, instance:WCRV_Application.WCRV_SmokeTest@667a738]" name="WCRV_Generate_RateSheet_Passkey" duration-ms="165179" started-at="2019-06-20T14:48:58Z" data-provider="dp" finished-at="2019-06-20T14:51:43Z">
          <params>
            <param index="0">
              <value>
                <![CDATA[3]]>
              </value>
            </param>
            <param index="1">
              <value>
                <![CDATA[US]]>
              </value>
            </param>
            <param index="2">
              <value>
                <![CDATA[L3usCC20170101611379]]>
              </value>
            </param>
            <param index="3">
              <value>
                <![CDATA[Test1234]]>
              </value>
            </param>
            <param index="4">
              <value>
                <![CDATA[EXPORT]]>
              </value>
            </param>
            <param index="5">
              <value>
                <![CDATA[1]]>
              </value>
            </param>
          </params>
          <reporter-output>
          </reporter-output>
        </test-method> <!-- WCRV_Generate_RateSheet_Passkey -->
      </class> <!-- WCRV_Application.WCRV_SmokeTest -->
    </test> <!-- WCRV_Test -->
  </suite> <!-- WCRV_Suite -->
</testng-results>
