<?xml version="1.0" encoding="UTF-8"?>
<testng-results skipped="0" failed="1" ignored="1" total="2" passed="0">
  <reporter-output>
  </reporter-output>
  <suite name="Default suite" duration-ms="7716" started-at="2019-06-19T15:06:56Z" finished-at="2019-06-19T15:07:04Z">
    <groups>
    </groups>
    <test name="Default test" duration-ms="7716" started-at="2019-06-19T15:06:56Z" finished-at="2019-06-19T15:07:04Z">
      <class name="USRC_Application.USRC_FDM">
        <test-method status="PASS" signature="beforeClass()[pri:0, instance:USRC_Application.USRC_FDM@7f77e91b]" name="beforeClass" is-config="true" duration-ms="28" started-at="2019-06-19T15:06:57Z" finished-at="2019-06-19T15:06:57Z">
          <reporter-output>
          </reporter-output>
        </test-method> <!-- beforeClass -->
        <test-method status="FAIL" signature="EndtoEndEnrollment(java.lang.String, Data_Structures.USRC_Data, java.lang.String, Data_Structures.MFAC_Data, java.lang.String, java.lang.String, java.lang.String, int)[pri:1, instance:USRC_Application.USRC_FDM@7f77e91b]" name="EndtoEndEnrollment" duration-ms="6180" started-at="2019-06-19T15:06:58Z" description="380527" data-provider="dp" finished-at="2019-06-19T15:07:04Z">
          <params>
            <param index="0">
              <value>
                <![CDATA[6]]>
              </value>
            </param>
            <param index="1">
              <value>
                <![CDATA[Data_Structures.USRC_Data@4b8729ff]]>
              </value>
            </param>
            <param index="2">
              <value>
                <![CDATA[POSTAL]]>
              </value>
            </param>
            <param index="3">
              <value>
                <![CDATA[Data_Structures.MFAC_Data@61710c6]]>
              </value>
            </param>
            <param index="4">
              <value>
                <![CDATA[FDM-POSTCARD-PIN]]>
              </value>
            </param>
            <param index="5">
              <value>
                <![CDATA[L6FDM061919T100658stid]]>
              </value>
            </param>
            <param index="6">
              <value>
                <![CDATA[Test1234]]>
              </value>
            </param>
            <param index="7">
              <value>
                <![CDATA[0]]>
              </value>
            </param>
          </params>
          <exception class="java.lang.AssertionError">
            <message>
              <![CDATA[
Expected: a string containing "enrollmentOptionsList"
     but: was "{
    "error": "invalid_request",
    "error_description": "validation error"
}"]]>
            </message>
            <full-stacktrace>
              <![CDATA[java.lang.AssertionError: 
Expected: a string containing "enrollmentOptionsList"
     but: was "{
    "error": "invalid_request",
    "error_description": "validation error"
}"
at org.hamcrest.MatcherAssert.assertThat(MatcherAssert.java:20)
at org.junit.Assert.assertThat(Assert.java:956)
at org.junit.Assert.assertThat(Assert.java:923)
at USRC_Application.USRC_FDM.EndtoEndEnrollment(USRC_FDM.java:92)
at sun.reflect.NativeMethodAccessorImpl.invoke0(Native Method)
at sun.reflect.NativeMethodAccessorImpl.invoke(Unknown Source)
at sun.reflect.DelegatingMethodAccessorImpl.invoke(Unknown Source)
at java.lang.reflect.Method.invoke(Unknown Source)
at org.testng.internal.MethodInvocationHelper.invokeMethod(MethodInvocationHelper.java:124)
at org.testng.internal.Invoker.invokeMethod(Invoker.java:580)
at org.testng.internal.Invoker.invokeTestMethod(Invoker.java:716)
at org.testng.internal.Invoker.invokeTestMethods(Invoker.java:988)
at org.testng.internal.TestMethodWorker.invokeTestMethods(TestMethodWorker.java:125)
at org.testng.internal.TestMethodWorker.run(TestMethodWorker.java:109)
at org.testng.TestRunner.privateRun(TestRunner.java:648)
at org.testng.TestRunner.run(TestRunner.java:505)
at org.testng.SuiteRunner.runTest(SuiteRunner.java:455)
at org.testng.SuiteRunner.runSequentially(SuiteRunner.java:450)
at org.testng.SuiteRunner.privateRun(SuiteRunner.java:415)
at org.testng.SuiteRunner.run(SuiteRunner.java:364)
at org.testng.SuiteRunnerWorker.runSuite(SuiteRunnerWorker.java:52)
at org.testng.SuiteRunnerWorker.run(SuiteRunnerWorker.java:84)
at org.testng.TestNG.runSuitesSequentially(TestNG.java:1208)
at org.testng.TestNG.runSuitesLocally(TestNG.java:1137)
at org.testng.TestNG.runSuites(TestNG.java:1049)
at org.testng.TestNG.run(TestNG.java:1017)
at org.testng.remote.AbstractRemoteTestNG.run(AbstractRemoteTestNG.java:114)
at org.testng.remote.RemoteTestNG.initAndRun(RemoteTestNG.java:251)
at org.testng.remote.RemoteTestNG.main(RemoteTestNG.java:77)
]]>
            </full-stacktrace>
          </exception> <!-- java.lang.AssertionError -->
          <reporter-output>
          </reporter-output>
        </test-method> <!-- EndtoEndEnrollment -->
      </class> <!-- USRC_Application.USRC_FDM -->
    </test> <!-- Default test -->
  </suite> <!-- Default suite -->
</testng-results>
